<?xml version="1.0" encoding="UTF-8"?>
<!-- Generated by org.testng.reporters.JUnitXMLReporter -->
<testsuite ignored="0" hostname="Ajinkya-PC" failures="0" tests="1" name="Default test" time="0.074" errors="0" timestamp="2022-10-14T14:28:54 IST">
  <testcase classname="FivePaise.Test5paisa1" name="@BeforeTest openbrowser" time="-1.665737934506E9">
    <failure type="org.testng.TestNGException" message="
Parameter &amp;apos;Browser&amp;apos; is required by BeforeTest on method openbrowser but has not been marked @Optional or defined
in C:\Users\Ajinkya\AppData\Local\Temp\testng-eclipse--2133971608\testng-customsuite.xml">
      <![CDATA[org.testng.TestNGException: 
Parameter 'Browser' is required by BeforeTest on method openbrowser but has not been marked @Optional or defined
in C:\Users\Ajinkya\AppData\Local\Temp\testng-eclipse--2133971608\testng-customsuite.xml
at org.testng.internal.Parameters.createParams(Parameters.java:270)
at org.testng.internal.Parameters.createParametersForMethod(Parameters.java:358)
at org.testng.internal.Parameters.createParameters(Parameters.java:700)
at org.testng.internal.Parameters.createConfigurationParameters(Parameters.java:168)
at org.testng.internal.ConfigInvoker.invokeConfigurations(ConfigInvoker.java:302)
at org.testng.TestRunner.invokeTestConfigurations(TestRunner.java:637)
at org.testng.TestRunner.beforeRun(TestRunner.java:627)
at org.testng.TestRunner.run(TestRunner.java:589)
at org.testng.SuiteRunner.runTest(SuiteRunner.java:377)
at org.testng.SuiteRunner.runSequentially(SuiteRunner.java:371)
at org.testng.SuiteRunner.privateRun(SuiteRunner.java:332)
at org.testng.SuiteRunner.run(SuiteRunner.java:276)
at org.testng.SuiteRunnerWorker.runSuite(SuiteRunnerWorker.java:53)
at org.testng.SuiteRunnerWorker.run(SuiteRunnerWorker.java:96)
at org.testng.TestNG.runSuitesSequentially(TestNG.java:1212)
at org.testng.TestNG.runSuitesLocally(TestNG.java:1134)
at org.testng.TestNG.runSuites(TestNG.java:1063)
at org.testng.TestNG.run(TestNG.java:1031)
at org.testng.remote.AbstractRemoteTestNG.run(AbstractRemoteTestNG.java:115)
at org.testng.remote.RemoteTestNG.initAndRun(RemoteTestNG.java:251)
at org.testng.remote.RemoteTestNG.main(RemoteTestNG.java:77)
]]>
    </failure>
  </testcase> <!-- @BeforeTest openbrowser -->
  <testcase classname="FivePaise.Test5paisa1" name="@BeforeClass AllObjects" time="-1.665737934539E9">
    <skipped/>
  </testcase> <!-- @BeforeClass AllObjects -->
  <testcase classname="FivePaise.Test5paisa1" name="@BeforeMethod LoginIntoApp" time="-1.665737934558E9">
    <skipped/>
  </testcase> <!-- @BeforeMethod LoginIntoApp -->
  <testcase classname="FivePaise.Test5paisa1" name="@AfterMethod logout" time="-1.665737934564E9">
    <skipped/>
  </testcase> <!-- @AfterMethod logout -->
  <testcase classname="FivePaise.Test5paisa1" name="@AfterClass ClearObjects" time="-1.665737934566E9">
    <skipped/>
  </testcase> <!-- @AfterClass ClearObjects -->
  <testcase classname="FivePaise.Test5paisa1" name="@AfterTest CloseBowser" time="-1.66573793457E9">
    <skipped/>
  </testcase> <!-- @AfterTest CloseBowser -->
  <testcase classname="FivePaise.Test5paisa1" name="Test1" time="0.0">
    <skipped/>
  </testcase> <!-- Test1 -->
</testsuite> <!-- Default test -->
